{"/Users/vikito/Desktop/Unit_test/js/utils/env/index.js": {"path":"/Users/vikito/Desktop/Unit_test/js/utils/env/index.js","statementMap":{"0":{"start":{"line":6,"column":27},"end":{"line":6,"column":98}},"1":{"start":{"line":6,"column":33},"end":{"line":6,"column":98}}},"fnMap":{"0":{"name":"(anonymous_0)","decl":{"start":{"line":6,"column":27},"end":{"line":6,"column":28}},"loc":{"start":{"line":6,"column":33},"end":{"line":6,"column":98}},"line":6}},"branchMap":{"0":{"loc":{"start":{"line":6,"column":33},"end":{"line":6,"column":98}},"type":"binary-expr","locations":[{"start":{"line":6,"column":33},"end":{"line":6,"column":63}},{"start":{"line":6,"column":67},"end":{"line":6,"column":98}}],"line":6}},"s":{"0":1,"1":2},"f":{"0":2},"b":{"0":[2,2]},"_coverageSchema":"1a1c01bbd47fc00a2c39e90264f33305004495a9","hash":"a540c6d164ceaba6d3b3add7d10c499ad1a05531"}
}
